Arguments: 
  /Users/satoshi/.nodebrew/node/v10.16.0/bin/node /usr/local/Cellar/yarn/1.17.3/libexec/bin/yarn.js

PATH: 
  /Users/satoshi/.rbenv/shims:/Users/satoshi/.rbenv/bin:/Users/satoshi/.rbenv/shims:/Users/satoshi/.nodebrew/current/bin:/usr/local/Cellar/google-cloud-sdk/bin:/usr/local/bin:/usr/bin:/bin:/usr/sbin:/sbin:/usr/local/share/dotnet:/opt/X11/bin:~/.dotnet/tools:/Library/Frameworks/Mono.framework/Versions/Current/Commands:/Users/satoshi/.rbenv/shims:/Users/satoshi/.rbenv/bin:/Users/satoshi/.nodebrew/current/bin:/usr/local/Cellar/google-cloud-sdk/bin

Yarn version: 
  1.17.3

Node version: 
  10.16.0

Platform: 
  darwin x64

Trace: 
  SyntaxError: /Users/satoshi/work/pdfform1/package.json: Unexpected token } in JSON at position 351
      at JSON.parse (<anonymous>)
      at /usr/local/Cellar/yarn/1.17.3/libexec/lib/cli.js:1625:59
      at Generator.next (<anonymous>)
      at step (/usr/local/Cellar/yarn/1.17.3/libexec/lib/cli.js:304:30)
      at /usr/local/Cellar/yarn/1.17.3/libexec/lib/cli.js:315:13

npm manifest: 
  {
    "name": "pdfform1",
    "version": "1.0.0",
    "description": "\"# pdf\"",
    "main": "index.js",
    "scripts": {
      "start": "react-scripts start",
      "build": "react-scripts build",
      "eject": "react-scripts eject",
      "test": "react-scripts test"
    },
    "author": "",
    "license": "ISC",
    "devDependencies": {
      "react-scripts": "^3.2.0",
    },
    "dependencies": {
      "history": "^4.10.1",
      "react": "^16.10.2",
      "react-dom": "^16.10.2",
      "react-router-dom": "^5.1.2"
    }
  }

yarn manifest: 
  No manifest

Lockfile: 
  No lockfile
